Volume averages, fluxes, etc
it t dt Rho Mx My Mz Bx By Bz Ehot Ew Bperu Pe E Pmin Pmax
       0  0.00000E+00  0.00000E+000  5.01780E-016  0.00000E+000  0.00000E+000  0.00000E+000  0.00000E+000  0.00000E+000  0.00000E+000  0.00000E+000  4.83245E-001  0.00000E+000  1.44974E-001  4.34921E-001  1.44973E-001  1.44973E-001
       1  0.00000E+00  0.00000E+000  8.19643E-023  6.59804E-017  2.86007E-017 -2.10935E-017 -5.77112E-006  2.99107E-006 -3.75700E-006  4.83548E-009  1.28338E-008  9.46478E-010  3.07141E-009  6.59986E-008  2.80717E-010  8.75096E-007
       2  0.00000E+00  0.00000E+000  8.20620E-023  7.17817E-017  2.67515E-017 -2.16640E-017 -5.79216E-006  3.09668E-006 -3.76888E-006  4.80643E-009  1.26883E-008  9.49011E-010  3.05296E-009  6.68912E-008  2.80278E-010  8.75096E-007
       3  0.00000E+00  0.00000E+000  8.21462E-023  7.73458E-017  2.47185E-017 -2.22089E-017 -5.80842E-006  3.20192E-006 -3.78015E-006  4.77592E-009  1.25362E-008  9.51053E-010  3.03356E-009  6.77560E-008  2.79768E-010  8.22310E-007
       4  0.00000E+00  0.00000E+000  8.22248E-023  8.26730E-017  2.25366E-017 -2.27331E-017 -5.82204E-006  3.30749E-006 -3.79174E-006  4.74487E-009  1.23862E-008  9.52980E-010  3.01382E-009  6.86140E-008  2.79211E-010  7.96678E-007
       5  0.00000E+00  0.00000E+000  8.22957E-023  8.77735E-017  2.02160E-017 -2.32359E-017 -5.83236E-006  3.41305E-006 -3.80336E-006  4.71308E-009  1.22356E-008  9.54639E-010  2.99362E-009  6.94590E-008  2.78572E-010  7.71541E-007
       6  0.00000E+00  0.00000E+000  8.23589E-023  9.26529E-017  1.77712E-017 -2.37159E-017 -5.83936E-006  3.51853E-006 -3.81497E-006  4.68057E-009  1.20843E-008  9.56019E-010  2.97296E-009  7.02904E-008  2.77877E-010  7.46802E-007
       7  0.00000E+00  0.00000E+000  8.24140E-023  9.73171E-017  1.52166E-017 -2.41710E-017 -5.84301E-006  3.62383E-006 -3.82657E-006  4.64738E-009  1.19322E-008  9.57112E-010  2.95186E-009  7.11077E-008  2.77159E-010  7.22352E-007
       8  0.00000E+00  0.00000E+000  8.24612E-023  1.01772E-016  1.25655E-017 -2.45987E-017 -5.84328E-006  3.72886E-006 -3.83815E-006  4.61351E-009  1.17793E-008  9.57916E-010  2.93034E-009  7.19104E-008  2.76431E-010  6.98177E-007
       9  0.00000E+00  0.00000E+000  8.25001E-023  1.06026E-016  9.83065E-018 -2.49970E-017 -5.84017E-006  3.83353E-006 -3.84968E-006  4.57900E-009  1.16255E-008  9.58437E-010  2.90841E-009  7.26979E-008  2.75700E-010  6.74286E-007
      10  0.00000E+00  0.00000E+000  8.25306E-023  1.10083E-016  7.02384E-018 -2.53637E-017 -5.83365E-006  3.93776E-006 -3.86115E-006  4.54386E-009  1.14709E-008  9.58688E-010  2.88609E-009  7.34699E-008  2.75001E-010  6.50705E-007
      11  0.00000E+00  0.00000E+000  8.25527E-023  1.13949E-016  4.15561E-018 -2.56969E-017 -5.82371E-006  4.04145E-006 -3.87255E-006  4.50813E-009  1.13155E-008  9.58698E-010  2.86338E-009  7.42257E-008  2.74376E-010  6.27481E-007
      12  0.00000E+00  0.00000E+000  8.25661E-023  1.17631E-016  1.23493E-018 -2.59951E-017 -5.81037E-006  4.14453E-006 -3.88388E-006  4.47182E-009  1.11594E-008  9.58499E-010  2.84031E-009  7.49651E-008  2.73817E-010  6.04655E-007
      13  0.00000E+00  0.00000E+000  8.25707E-023  1.21131E-016 -1.72937E-018 -2.62567E-017 -5.79361E-006  4.24690E-006 -3.89511E-006  4.43494E-009  1.10027E-008  9.58133E-010  2.81688E-009  7.56875E-008  2.73281E-010  5.82275E-007
      14  0.00000E+00  0.00000E+000  8.25661E-023  1.24453E-016 -4.72974E-018 -2.64800E-017 -5.77346E-006  4.34849E-006 -3.90626E-006  4.39753E-009  1.08453E-008  9.57644E-010  2.79311E-009  7.63924E-008  2.72784E-010  5.60359E-007
      15  0.00000E+00  0.00000E+000  8.25523E-023  1.27599E-016 -7.75975E-018 -2.66637E-017 -5.74991E-006  4.44922E-006 -3.91730E-006  4.35960E-009  1.06873E-008  9.57081E-010  2.76901E-009  7.70795E-008  2.72338E-010  5.38915E-007
      16  0.00000E+00  0.00000E+000  8.25289E-023  1.30571E-016 -1.08135E-017 -2.68066E-017 -5.72300E-006  4.54901E-006 -3.92824E-006  4.32116E-009  1.05290E-008  9.56491E-010  2.74459E-009  7.77482E-008  2.71945E-010  5.18027E-007
      17  0.00000E+00  0.00000E+000  8.24958E-023  1.33368E-016 -1.38849E-017 -2.69074E-017 -5.69274E-006  4.64779E-006 -3.93907E-006  4.28223E-009  1.03702E-008  9.55919E-010  2.71987E-009  7.83982E-008  2.71608E-010  4.97737E-007
      18  0.00000E+00  0.00000E+000  8.24527E-023  1.35993E-016 -1.69681E-017 -2.69653E-017 -5.65915E-006  4.74548E-006 -3.94978E-006  4.24285E-009  1.02111E-008  9.55416E-010  2.69484E-009  7.90289E-008  2.71329E-010  4.78080E-007
      19  0.00000E+00  0.00000E+000  8.23993E-023  1.38445E-016 -2.00573E-017 -2.69794E-017 -5.62226E-006  4.84202E-006 -3.96036E-006  4.20302E-009  1.00518E-008  9.55024E-010  2.66954E-009  7.96400E-008  2.71105E-010  4.59127E-007
      20  0.00000E+00  0.00000E+000  8.23356E-023  1.40726E-016 -2.31467E-017 -2.69496E-017 -5.58210E-006  4.93731E-006 -3.97081E-006  4.16277E-009  9.89228E-009  9.54784E-010  2.64398E-009  8.02309E-008  2.70936E-010  4.40915E-007
      21  0.00000E+00  0.00000E+000  8.22612E-023  1.42836E-016 -2.62306E-017 -2.68749E-017 -5.53871E-006  5.03130E-006 -3.98111E-006  4.12212E-009  9.73273E-009  9.54722E-010  2.61816E-009  8.08014E-008  2.70822E-010  4.23413E-007
      22  0.00000E+00  0.00000E+000  8.21762E-023  1.44775E-016 -2.93030E-017 -2.67549E-017 -5.49212E-006  5.12391E-006 -3.99125E-006  4.08110E-009  9.57318E-009  9.54860E-010  2.59210E-009  8.13510E-008  2.70770E-010  4.06595E-007
      23  0.00000E+00  0.00000E+000  8.20802E-023  1.46546E-016 -3.23580E-017 -2.65897E-017 -5.44236E-006  5.21506E-006 -4.00122E-006  4.03973E-009  9.41371E-009  9.55225E-010  2.56583E-009  8.18794E-008  2.70770E-010  3.90376E-007
      24  0.00000E+00  0.00000E+000  8.19733E-023  1.48151E-016 -3.53902E-017 -2.63795E-017 -5.38948E-006  5.30467E-006 -4.01100E-006  3.99803E-009  9.25441E-009  9.55826E-010  2.53935E-009  8.23862E-008  2.70501E-010  3.74744E-007
      25  0.00000E+00  0.00000E+000  8.18554E-023  1.49593E-016 -3.83936E-017 -2.61242E-017 -5.33352E-006  5.39267E-006 -4.02058E-006  3.95603E-009  9.09534E-009  9.56653E-010  2.51268E-009  8.28711E-008  2.69939E-010  3.59674E-007
      26  0.00000E+00  0.00000E+000  8.17263E-023  1.50874E-016 -4.13630E-017 -2.58243E-017 -5.27451E-006  5.47898E-006 -4.02994E-006  3.91376E-009  8.93659E-009  9.57688E-010  2.48583E-009  8.33339E-008  2.69457E-010  3.45120E-007
      27  0.00000E+00  0.00000E+000  8.15860E-023  1.52000E-016 -4.42940E-017 -2.54806E-017 -5.21251E-006  5.56353E-006 -4.03905E-006  3.87124E-009  8.77823E-009  9.58906E-010  2.45882E-009  8.37742E-008  2.69061E-010  3.31050E-007
      28  0.00000E+00  0.00000E+000  8.14343E-023  1.52975E-016 -4.71818E-017 -2.50936E-017 -5.14754E-006  5.64621E-006 -4.04788E-006  3.82849E-009  8.62033E-009  9.60270E-010  2.43168E-009  8.41917E-008  2.68755E-010  3.17441E-007
      29  0.00000E+00  0.00000E+000  8.12714E-023  1.53803E-016 -5.00221E-017 -2.46638E-017 -5.07966E-006  5.72697E-006 -4.05642E-006  3.78554E-009  8.46296E-009  9.61737E-010  2.40440E-009  8.45864E-008  2.68540E-010  3.04285E-007
      30  0.00000E+00  0.00000E+000  8.10970E-023  1.54491E-016 -5.28110E-017 -2.41921E-017 -5.00890E-006  5.80570E-006 -4.06462E-006  3.74241E-009  8.30619E-009  9.63249E-010  2.37702E-009  8.49580E-008  2.68412E-010  2.91577E-007
      31  0.00000E+00  0.00000E+000  8.09112E-023  1.55044E-016 -5.55449E-017 -2.36796E-017 -4.93532E-006  5.88233E-006 -4.07245E-006  3.69914E-009  8.15010E-009  9.64746E-010  2.34954E-009  8.53063E-008  2.68358E-010  2.79302E-007
      32  0.00000E+00  0.00000E+000  8.07139E-023  1.55471E-016 -5.82204E-017 -2.31270E-017 -4.85896E-006  5.95679E-006 -4.07990E-006  3.65573E-009  7.99476E-009  9.66161E-010  2.32197E-009  8.56312E-008  2.68362E-010  2.67460E-007
      33  0.00000E+00  0.00000E+000  8.05052E-023  1.55776E-016 -6.08342E-017 -2.25351E-017 -4.77989E-006  6.02900E-006 -4.08691E-006  3.61222E-009  7.84023E-009  9.67426E-010  2.29434E-009  8.59326E-008  2.68406E-010  2.56059E-007
      34  0.00000E+00  0.00000E+000  8.02852E-023  1.55966E-016 -6.33834E-017 -2.19050E-017 -4.69814E-006  6.09889E-006 -4.09346E-006  3.56862E-009  7.68660E-009  9.68472E-010  2.26666E-009  8.62103E-008  2.68476E-010  2.45105E-007
      35  0.00000E+00  0.00000E+000  8.00537E-023  1.56048E-016 -6.58653E-017 -2.12376E-017 -4.61380E-006  6.16639E-006 -4.09952E-006  3.52497E-009  7.53393E-009  9.69235E-010  2.23894E-009  8.64644E-008  2.68560E-010  2.34602E-007
      36  0.00000E+00  0.00000E+000  7.98110E-023  1.56026E-016 -6.82778E-017 -2.05341E-017 -4.52693E-006  6.23144E-006 -4.10505E-006  3.48128E-009  7.38230E-009  9.69660E-010  2.21120E-009  8.66948E-008  2.68648E-010  2.24549E-007
      37  0.00000E+00  0.00000E+000  7.95572E-023  1.55908E-016 -7.06192E-017 -1.97961E-017 -4.43761E-006  6.29399E-006 -4.11001E-006  3.43759E-009  7.23178E-009  9.69683E-010  2.18346E-009  8.69016E-008  2.68742E-010  2.14943E-007
      38  0.00000E+00  0.00000E+000  7.92923E-023  1.55697E-016 -7.28883E-017 -1.90250E-017 -4.34592E-006  6.35399E-006 -4.11438E-006  3.39391E-009  7.08244E-009  9.69260E-010  2.15572E-009  8.70847E-008  2.68844E-010  2.05784E-007
      39  0.00000E+00  0.00000E+000  7.90167E-023  1.55400E-016 -7.50839E-017 -1.82221E-017 -4.25196E-006  6.41139E-006 -4.11812E-006  3.35028E-009  6.93435E-009  9.68351E-010  2.12802E-009  8.72443E-008  2.68951E-010  1.97073E-007
      40  0.00000E+00  0.00000E+000  7.87304E-023  1.55021E-016 -7.72051E-017 -1.73889E-017 -4.15582E-006  6.46616E-006 -4.12119E-006  3.30672E-009  6.78758E-009  9.66931E-010  2.10036E-009  8.73806E-008  2.69088E-010  1.88802E-007
      41  0.00000E+00  0.00000E+000  7.84338E-023  1.54566E-016 -7.92513E-017 -1.65271E-017 -4.05762E-006  6.51826E-006 -4.12356E-006  3.26326E-009  6.64220E-009  9.64978E-010  2.07276E-009  8.74937E-008  2.69279E-010  1.80957E-007
      42  0.00000E+00  0.00000E+000  7.81272E-023  1.54039E-016 -8.12223E-017 -1.56381E-017 -3.95746E-006  6.56768E-006 -4.12519E-006  3.21992E-009  6.49826E-009  9.62497E-010  2.04525E-009  8.75838E-008  2.69546E-010  1.73531E-007
      43  0.00000E+00  0.00000E+000  7.78109E-023  1.53444E-016 -8.31183E-017 -1.47236E-017 -3.85546E-006  6.61439E-006 -4.12607E-006  3.17673E-009  6.35583E-009  9.59504E-010  2.01783E-009  8.76511E-008  2.69932E-010  1.66498E-007
      44  0.00000E+00  0.00000E+000  7.74853E-023  1.52786E-016 -8.49401E-017 -1.37853E-017 -3.75173E-006  6.65837E-006 -4.12616E-006  3.13372E-009  6.21496E-009  9.56035E-010  1.99052E-009  8.76960E-008  2.70186E-010  1.59826E-007
      45  0.00000E+00  0.00000E+000  7.71507E-023  1.52068E-016 -8.66884E-017 -1.28249E-017 -3.64640E-006  6.69963E-006 -4.12543E-006  3.09091E-009  6.07570E-009  9.52140E-010  1.96334E-009  8.77187E-008  2.70173E-010  1.53483E-007
      46  0.00000E+00  0.00000E+000  7.68076E-023  1.51294E-016 -8.83639E-017 -1.18439E-017 -3.53958E-006  6.73815E-006 -4.12387E-006  3.04833E-009  5.93812E-009  9.47874E-010  1.93630E-009  8.77195E-008  2.70233E-010  1.47452E-007
      47  0.00000E+00  0.00000E+000  7.64562E-023  1.50467E-016 -8.99674E-017 -1.08441E-017 -3.43140E-006  6.77393E-006 -4.12145E-006  3.00599E-009  5.80225E-009  9.43303E-010  1.90943E-009  8.76987E-008  2.70358E-010  1.41691E-007
      48  0.00000E+00  0.00000E+000  7.60970E-023  1.49592E-016 -9.14999E-017 -9.82713E-018 -3.32199E-006  6.80698E-006 -4.11817E-006  2.96393E-009  5.66814E-009  9.38496E-010  1.88272E-009  8.76567E-008  2.70339E-010  1.36182E-007
      49  0.00000E+00  0.00000E+000  7.57304E-023  1.48670E-016 -9.29626E-017 -8.79479E-018 -3.21145E-006  6.83729E-006 -4.11400E-006  2.92215E-009  5.53585E-009  9.33529E-010  1.85620E-009  8.75937E-008  2.70373E-010  1.30913E-007
      50  0.00000E+00  0.00000E+000  7.53566E-023  1.47706E-016 -9.43569E-017 -7.74890E-018 -3.09992E-006  6.86488E-006 -4.10895E-006  2.88069E-009  5.40540E-009  9.28474E-010  1.82987E-009  8.75100E-008  2.70466E-010  1.25872E-007
