Volume averages, fluxes, etc
it t dt Rho Mx My Mz Bx By Bz Ehot Ew Bperu Pe E Pmin Pmax
       0  0.00000E+00  0.00000E+000  3.12396E-020 -1.83172E-029  1.83172E-029 -1.46537E-028  0.00000E+000  0.00000E+000  0.00000E+000  0.00000E+000  4.20926E-005 -1.90182E-008  3.86816E-006  2.04575E-005  7.13925E-007  9.95208E-003
       1  0.00000E+00  0.00000E+000  3.12376E-020  9.20749E-016 -5.50419E-017 -3.46062E-016 -8.99506E-007  3.87671E-006 -1.75418E-006  1.46192E-006  4.03296E-005 -1.96836E-007  2.97173E-006  2.01894E-005  9.09112E-007  1.07991E-002
       2  0.00000E+00  0.00000E+000  3.12193E-020  1.70901E-015 -9.30149E-017 -6.69487E-016 -2.08703E-006  8.23926E-006 -3.80445E-006  1.50445E-006  3.85153E-005 -3.44667E-007  3.03317E-006  2.13736E-005  1.11631E-006  1.09943E-002
       3  0.00000E+00  0.00000E+000  3.12037E-020  2.44075E-015 -1.28993E-016 -9.49813E-016 -3.29847E-006  1.25570E-005 -5.75262E-006  1.54230E-006  3.68202E-005 -1.52922E-006  3.09009E-006  2.24374E-005  1.28866E-006  1.11239E-002
       4  0.00000E+00  0.00000E+000  3.11891E-020  3.12722E-015 -1.61702E-016 -1.20405E-015 -4.39327E-006  1.66747E-005 -7.57090E-006  1.57368E-006  3.52754E-005 -2.82011E-006  3.13839E-006  2.33558E-005  1.41715E-006  1.11873E-002
       5  0.00000E+00  0.00000E+000  3.11756E-020  3.77613E-015 -1.96264E-016 -1.44259E-015 -5.39522E-006  2.06353E-005 -9.29092E-006  1.59852E-006  3.38866E-005 -3.81440E-006  3.17736E-006  2.41254E-005  1.50749E-006  1.12519E-002
       6  0.00000E+00  0.00000E+000  3.11634E-020  4.39838E-015 -2.33703E-016 -1.66903E-015 -6.31429E-006  2.44645E-005 -1.09117E-005  1.61787E-006  3.26351E-005 -1.04592E-006  3.20804E-006  2.47639E-005  1.57919E-006  1.13001E-002
       7  0.00000E+00  0.00000E+000  3.11520E-020  4.99834E-015 -2.76148E-016 -1.88771E-015 -7.14944E-006  2.81615E-005 -1.24380E-005  1.63263E-006  3.15024E-005 -6.27495E-007  3.23156E-006  2.52894E-005  1.63716E-006  1.13507E-002
       8  0.00000E+00  0.00000E+000  3.11415E-020  5.57896E-015 -3.22960E-016 -2.10056E-015 -7.89800E-006  3.17219E-005 -1.38750E-005  1.64364E-006  3.04703E-005  5.12023E-006  3.24911E-006  2.57193E-005  1.68534E-006  1.13943E-002
       9  0.00000E+00  0.00000E+000  3.11314E-020  6.14140E-015 -3.73081E-016 -2.30863E-015 -8.55895E-006  3.51415E-005 -1.52218E-005  1.65161E-006  2.95218E-005  5.42627E-006  3.26169E-006  2.60688E-005  1.72617E-006  1.14377E-002
      10  0.00000E+00  0.00000E+000  3.11218E-020  6.68675E-015 -4.27098E-016 -2.51279E-015 -9.12805E-006  3.84136E-005 -1.64738E-005  1.65710E-006  2.86433E-005  4.66373E-006  3.27016E-006  2.63507E-005  1.76137E-006  1.14788E-002
      11  0.00000E+00  0.00000E+000  3.11125E-020  7.21651E-015 -4.84576E-016 -2.71407E-015 -9.59786E-006  4.15289E-005 -1.76283E-005  1.66056E-006  2.78237E-005  5.84604E-006  3.27521E-006  2.65750E-005  1.79216E-006  1.15184E-002
      12  0.00000E+00  0.00000E+000  3.11034E-020  7.73038E-015 -5.44623E-016 -2.91264E-015 -9.96225E-006  4.44808E-005 -1.86839E-005  1.66232E-006  2.70542E-005  6.32929E-006  3.27740E-006  2.67504E-005  1.81941E-006  1.15564E-002
      13  0.00000E+00  0.00000E+000  3.10943E-020  8.23018E-015 -6.06829E-016 -3.10755E-015 -1.02188E-005  4.72596E-005 -1.96401E-005  1.66269E-006  2.63264E-005  9.53838E-006  3.27720E-006  2.68851E-005  1.84384E-006  1.15933E-002
      14  0.00000E+00  0.00000E+000  3.10853E-020  8.71633E-015 -6.69172E-016 -3.29878E-015 -1.03644E-005  4.98577E-005 -2.04942E-005  1.66188E-006  2.56354E-005  8.61304E-006  3.27497E-006  2.69842E-005  1.86568E-006  1.16289E-002
      15  0.00000E+00  0.00000E+000  3.10763E-020  9.18874E-015 -7.32889E-016 -3.48745E-015 -1.03956E-005  5.22687E-005 -2.12431E-005  1.66005E-006  2.49766E-005  6.26374E-006  3.27103E-006  2.70519E-005  1.86915E-006  1.17050E-002
      16  0.00000E+00  0.00000E+000  3.10674E-020  9.64736E-015 -7.97616E-016 -3.67429E-015 -1.03090E-005  5.44866E-005 -2.18851E-005  1.65737E-006  2.43451E-005  6.83638E-006  3.26564E-006  2.70933E-005  1.85053E-006  1.17761E-002
      17  0.00000E+00  0.00000E+000  3.10584E-020  1.00934E-014 -8.63491E-016 -3.85890E-015 -1.01027E-005  5.65053E-005 -2.24177E-005  1.65396E-006  2.37380E-005  6.09319E-006  3.25902E-006  2.71115E-005  1.83131E-006  1.18411E-002
      18  0.00000E+00  0.00000E+000  3.10495E-020  1.05263E-014 -9.30811E-016 -4.04094E-015 -9.77410E-006  5.83206E-005 -2.28368E-005  1.64991E-006  2.31527E-005  6.34291E-006  3.25135E-006  2.71090E-005  1.81168E-006  1.19005E-002
      19  0.00000E+00  0.00000E+000  3.10406E-020  1.09459E-014 -1.00051E-015 -4.22127E-015 -9.32126E-006  5.99277E-005 -2.31409E-005  1.64528E-006  2.25874E-005  8.06822E-006  3.24276E-006  2.70880E-005  1.79174E-006  1.19514E-002
      20  0.00000E+00  0.00000E+000  3.10317E-020  1.13510E-014 -1.07166E-015 -4.39971E-015 -8.74328E-006  6.13230E-005 -2.33279E-005  1.64014E-006  2.20404E-005  7.14399E-006  3.23339E-006  2.70504E-005  1.77155E-006  1.19900E-002
      21  0.00000E+00  0.00000E+000  3.10230E-020  1.17425E-014 -1.14544E-015 -4.57684E-015 -8.03908E-006  6.25044E-005 -2.33966E-005  1.63456E-006  2.15102E-005  7.53743E-006  3.22336E-006  2.69977E-005  1.75116E-006  1.20199E-002
      22  0.00000E+00  0.00000E+000  3.10143E-020  1.21198E-014 -1.22166E-015 -4.75255E-015 -7.20639E-006  6.34704E-005 -2.33454E-005  1.62856E-006  2.09955E-005  8.29283E-006  3.21275E-006  2.69316E-005  1.73056E-006  1.20435E-002
      23  0.00000E+00  0.00000E+000  3.10059E-020  1.24831E-014 -1.30065E-015 -4.92747E-015 -6.24859E-006  6.42186E-005 -2.31743E-005  1.62220E-006  2.04950E-005  9.30844E-006  3.20165E-006  2.68534E-005  1.70977E-006  1.20700E-002
      24  0.00000E+00  0.00000E+000  3.09977E-020  1.28320E-014 -1.38165E-015 -5.10047E-015 -5.16518E-006  6.47477E-005 -2.28820E-005  1.61552E-006  2.00076E-005  1.02865E-005  3.19015E-006  2.67646E-005  1.68879E-006  1.21127E-002
      25  0.00000E+00  0.00000E+000  3.09897E-020  1.31671E-014 -1.46559E-015 -5.27134E-015 -3.95201E-006  6.50585E-005 -2.24672E-005  1.60853E-006  1.95326E-005  1.01677E-005  3.17830E-006  2.66659E-005  1.66761E-006  1.21524E-002
      26  0.00000E+00  0.00000E+000  3.09819E-020  1.34882E-014 -1.55175E-015 -5.43972E-015 -2.61063E-006  6.51510E-005 -2.19310E-005  1.60128E-006  1.90692E-005  9.84094E-006  3.16616E-006  2.65584E-005  1.64625E-006  1.21888E-002
      27  0.00000E+00  0.00000E+000  3.09742E-020  1.37952E-014 -1.64113E-015 -5.60540E-015 -1.14167E-006  6.50267E-005 -2.12734E-005  1.59377E-006  1.86166E-005  9.23507E-006  3.15378E-006  2.64428E-005  1.62468E-006  1.22226E-002
      28  0.00000E+00  0.00000E+000  3.09668E-020  1.40874E-014 -1.73272E-015 -5.76751E-015  4.50558E-007  6.46850E-005 -2.04966E-005  1.58603E-006  1.81743E-005  8.52231E-006  3.14120E-006  2.63200E-005  1.60291E-006  1.22542E-002
      29  0.00000E+00  0.00000E+000  3.09594E-020  1.43647E-014 -1.82689E-015 -5.92617E-015  2.16380E-006  6.41266E-005 -1.96032E-005  1.57808E-006  1.77417E-005  7.96496E-006  3.12846E-006  2.61906E-005  1.58095E-006  1.22839E-002
      30  0.00000E+00  0.00000E+000  3.09522E-020  1.46267E-014 -1.92309E-015 -6.08089E-015  4.00663E-006  6.33559E-005 -1.85929E-005  1.56993E-006  1.73184E-005  7.11687E-006  3.11559E-006  2.60551E-005  1.55884E-006  1.23353E-002
      31  0.00000E+00  0.00000E+000  3.09450E-020  1.48741E-014 -2.02136E-015 -6.23155E-015  5.97282E-006  6.23732E-005 -1.74687E-005  1.56161E-006  1.69040E-005  6.44421E-006  3.10263E-006  2.59142E-005  1.53657E-006  1.23868E-002
      32  0.00000E+00  0.00000E+000  3.09379E-020  1.51068E-014 -2.12081E-015 -6.37783E-015  8.06237E-006  6.11796E-005 -1.62324E-005  1.55311E-006  1.64980E-005  5.91078E-006  3.08959E-006  2.57681E-005  1.51369E-006  1.24374E-002
      33  0.00000E+00  0.00000E+000  3.09308E-020  1.53255E-014 -2.22189E-015 -6.52004E-015  1.02720E-005  5.97753E-005 -1.48852E-005  1.54445E-006  1.61001E-005  5.46287E-006  3.07650E-006  2.56175E-005  1.48996E-006  1.24872E-002
      34  0.00000E+00  0.00000E+000  3.09237E-020  1.55300E-014 -2.32350E-015 -6.65784E-015  1.26012E-005  5.81608E-005 -1.34280E-005  1.53565E-006  1.57100E-005  5.53682E-006  3.06339E-006  2.54627E-005  1.46587E-006  1.25364E-002
      35  0.00000E+00  0.00000E+000  3.09165E-020  1.57208E-014 -2.42613E-015 -6.79145E-015  1.50504E-005  5.63367E-005 -1.18620E-005  1.52672E-006  1.53274E-005  5.07370E-006  3.05026E-006  2.53041E-005  1.44142E-006  1.25851E-002
      36  0.00000E+00  0.00000E+000  3.09092E-020  1.58978E-014 -2.52905E-015 -6.92073E-015  1.76181E-005  5.43037E-005 -1.01886E-005  1.51765E-006  1.49521E-005  4.73263E-006  3.03714E-006  2.51420E-005  1.41665E-006  1.26334E-002
      37  0.00000E+00  0.00000E+000  3.09018E-020  1.60606E-014 -2.63279E-015 -7.04559E-015  2.03035E-005  5.20618E-005 -8.40938E-006  1.50846E-006  1.45837E-005  4.45646E-006  3.02404E-006  2.49768E-005  1.38973E-006  1.26811E-002
      38  0.00000E+00  0.00000E+000  3.08941E-020  1.62104E-014 -2.73632E-015 -7.16594E-015  2.31055E-005  4.96114E-005 -6.52626E-006  1.49915E-006  1.42221E-005  4.15691E-006  3.01096E-006  2.48086E-005  1.36211E-006  1.27290E-002
      39  0.00000E+00  0.00000E+000  3.08862E-020  1.63466E-014 -2.84027E-015 -7.28172E-015  2.60235E-005  4.69531E-005 -4.54091E-006  1.48973E-006  1.38670E-005  3.92811E-006  2.99793E-006  2.46376E-005  1.33432E-006  1.27764E-002
      40  0.00000E+00  0.00000E+000  3.08778E-020  1.64702E-014 -2.94343E-015 -7.39266E-015  2.90586E-005  4.40872E-005 -2.45502E-006  1.48020E-006  1.35183E-005  3.78438E-006  2.98492E-006  2.44640E-005  1.30640E-006  1.28239E-002
      41  0.00000E+00  0.00000E+000  3.08692E-020  1.65810E-014 -3.04684E-015 -7.49905E-015  3.22110E-005  4.10143E-005 -2.69104E-007  1.47057E-006  1.31757E-005  3.65658E-006  2.97198E-006  2.42878E-005  1.27864E-006  1.28708E-002
      42  0.00000E+00  0.00000E+000  3.08600E-020  1.66800E-014 -3.14908E-015 -7.60070E-015  3.54811E-005  3.77341E-005  2.01553E-006  1.46084E-006  1.28392E-005  3.25109E-006  2.95908E-006  2.41094E-005  1.25116E-006  1.29180E-002
      43  0.00000E+00  0.00000E+000  3.08503E-020  1.67665E-014 -3.25156E-015 -7.69808E-015  3.88697E-005  3.42466E-005  4.39697E-006  1.45101E-006  1.25085E-005  2.59927E-006  2.94626E-006  2.39287E-005  1.22404E-006  1.29647E-002
      44  0.00000E+00  0.00000E+000  3.08400E-020  1.68422E-014 -3.35256E-015 -7.79084E-015  4.23764E-005  3.05529E-005  6.87425E-006  1.44109E-006  1.21835E-005  2.23351E-006  2.93350E-006  2.37459E-005  1.19733E-006  1.30115E-002
      45  0.00000E+00  0.00000E+000  3.08290E-020  1.69063E-014 -3.45393E-015 -7.87979E-015  4.60019E-005  2.66533E-005  9.44517E-006  1.43109E-006  1.18641E-005  1.98980E-006  2.92081E-006  2.35611E-005  1.17120E-006  1.30577E-002
      46  0.00000E+00  0.00000E+000  3.08173E-020  1.69602E-014 -3.55324E-015 -7.96442E-015  4.97451E-005  2.25479E-005  1.21089E-005  1.42099E-006  1.15502E-005  1.91118E-006  2.90818E-006  2.33743E-005  1.14566E-006  1.31036E-002
      47  0.00000E+00  0.00000E+000  3.08047E-020  1.70049E-014 -3.65214E-015 -8.04532E-015  5.36068E-005  1.82368E-005  1.48646E-005  1.41080E-006  1.12417E-005  1.91368E-006  2.89562E-006  2.31856E-005  1.12070E-006  1.31490E-002
      48  0.00000E+00  0.00000E+000  3.07913E-020  1.70392E-014 -3.74928E-015 -8.12219E-015  5.75910E-005  1.37234E-005  1.77070E-005  1.40053E-006  1.09385E-005  1.92549E-006  2.88313E-006  2.29950E-005  1.09360E-006  1.31939E-002
      49  0.00000E+00  0.00000E+000  3.07769E-020  1.70651E-014 -3.84533E-015 -8.19546E-015  6.16976E-005  9.00838E-006  2.06357E-005  1.39017E-006  1.06405E-005  1.97939E-006  2.87070E-006  2.28025E-005  1.05283E-006  1.32384E-002
      50  0.00000E+00  0.00000E+000  3.07614E-020  1.70830E-014 -3.93893E-015 -8.26473E-015  6.59270E-005  4.09056E-006  2.36513E-005  1.37973E-006  1.03476E-005  2.02452E-006  2.85834E-006  2.26082E-005  1.01235E-006  1.32825E-002
      51  0.00000E+00  0.00000E+000  3.07449E-020  1.70932E-014 -4.03116E-015 -8.33094E-015  7.02799E-005 -1.02816E-006  2.67515E-005  1.36921E-006  1.00598E-005  2.03686E-006  2.84605E-006  2.24121E-005  9.72236E-007  1.33263E-002
      52  0.00000E+00  0.00000E+000  3.07270E-020  1.70968E-014 -4.12020E-015 -8.39360E-015  7.47562E-005 -6.34683E-006  2.99352E-005  1.35860E-006  9.77702E-006  2.03409E-006  2.83382E-006  2.22141E-005  9.32537E-007  1.33698E-002
      53  0.00000E+00  0.00000E+000  3.07079E-020  1.70945E-014 -4.20639E-015 -8.45299E-015  7.93589E-005 -1.18638E-005  3.32000E-005  1.34791E-006  9.49917E-006  2.03573E-006  2.82165E-006  2.20143E-005  8.93386E-007  1.34130E-002
      54  0.00000E+00  0.00000E+000  3.06873E-020  1.70858E-014 -4.28970E-015 -8.50886E-015  8.40877E-005 -1.75794E-005  3.65449E-005  1.33713E-006  9.22619E-006  2.04861E-006  2.80954E-006  2.18127E-005  8.49133E-007  1.34558E-002
      55  0.00000E+00  0.00000E+000  3.06653E-020  1.70718E-014 -4.36990E-015 -8.56163E-015  8.89446E-005 -2.34935E-005  3.99676E-005  1.32628E-006  8.95801E-006  2.01754E-006  2.79750E-006  2.16093E-005  8.05625E-007  1.34984E-002
      56  0.00000E+00  0.00000E+000  3.06416E-020  1.70530E-014 -4.44582E-015 -8.61032E-015  9.39244E-005 -2.96063E-005  4.34678E-005  1.31534E-006  8.69457E-006  1.97578E-006  2.78551E-006  2.14042E-005  7.63918E-007  1.35406E-002
      57  0.00000E+00  0.00000E+000  3.06163E-020  1.70307E-014 -4.51760E-015 -8.65553E-015  9.90329E-005 -3.59152E-005  4.70425E-005  1.30433E-006  8.43584E-006  1.92534E-006  2.77359E-006  2.11972E-005  7.24040E-007  1.35860E-002
      58  0.00000E+00  0.00000E+000  3.05891E-020  1.70039E-014 -4.58589E-015 -8.69687E-015  1.04264E-004 -4.24221E-005  5.06936E-005  1.29323E-006  8.18178E-006  1.86196E-006  2.76172E-006  2.09883E-005  6.86112E-007  1.36382E-002
      59  0.00000E+00  0.00000E+000  3.05601E-020  1.69754E-014 -4.64916E-015 -8.73452E-015  1.09635E-004 -4.91174E-005  5.44105E-005  1.28206E-006  7.93234E-006  1.78298E-006  2.74992E-006  2.07776E-005  6.50201E-007  1.36905E-002
      60  0.00000E+00  0.00000E+000  3.05290E-020  1.69447E-014 -4.70698E-015 -8.76784E-015  1.15135E-004 -5.60063E-005  5.81963E-005  1.27080E-006  7.68746E-006  1.75576E-006  2.73816E-006  2.05650E-005  6.16203E-007  1.37428E-002
      61  0.00000E+00  0.00000E+000  3.04959E-020  1.69122E-014 -4.76089E-015 -8.79711E-015  1.20765E-004 -6.30858E-005  6.20496E-005  1.25947E-006  7.44714E-006  1.66834E-006  2.72647E-006  2.03504E-005  5.83804E-007  1.37951E-002
      62  0.00000E+00  0.00000E+000  3.04605E-020  1.68783E-014 -4.80905E-015 -8.82164E-015  1.26531E-004 -7.03501E-005  6.59676E-005  1.24806E-006  7.21131E-006  1.60118E-006  2.71483E-006  2.01340E-005  5.52983E-007  1.38475E-002
      63  0.00000E+00  0.00000E+000  3.04229E-020  1.68448E-014 -4.85137E-015 -8.84183E-015  1.32426E-004 -7.78016E-005  6.99513E-005  1.23657E-006  6.97996E-006  1.54604E-006  2.70326E-006  1.99157E-005  5.23700E-007  1.38997E-002
      64  0.00000E+00  0.00000E+000  3.03828E-020  1.68106E-014 -4.88851E-015 -8.85751E-015  1.38454E-004 -8.54386E-005  7.39991E-005  1.22501E-006  6.75307E-006  1.43516E-006  2.69174E-006  1.96954E-005  4.95967E-007  1.39518E-002
      65  0.00000E+00  0.00000E+000  3.03403E-020  1.67769E-014 -4.92012E-015 -8.86840E-015  1.44617E-004 -9.32581E-005  7.81094E-005  1.21338E-006  6.53063E-006  1.42397E-006  2.68028E-006  1.94731E-005  4.69763E-007  1.40036E-002
      66  0.00000E+00  0.00000E+000  3.02953E-020  1.67437E-014 -4.94535E-015 -8.87456E-015  1.50918E-004 -1.01258E-004  8.22809E-005  1.20167E-006  6.31262E-006  1.32812E-006  2.66889E-006  1.92489E-005  4.45068E-007  1.40553E-002
      67  0.00000E+00  0.00000E+000  3.02477E-020  1.67119E-014 -4.96533E-015 -8.87666E-015  1.57350E-004 -1.09439E-004  8.65150E-005  1.18989E-006  6.09901E-006  1.24849E-006  2.65756E-006  1.90227E-005  4.21859E-007  1.41068E-002
      68  0.00000E+00  0.00000E+000  3.01974E-020  1.66827E-014 -4.97874E-015 -8.87421E-015  1.63921E-004 -1.17802E-004  9.08085E-005  1.17805E-006  5.88977E-006  1.14462E-006  2.64631E-006  1.87946E-005  4.00129E-007  1.41581E-002
      69  0.00000E+00  0.00000E+000  3.01444E-020  1.66541E-014 -4.98710E-015 -8.86669E-015  1.70637E-004 -1.26346E-004  9.51607E-005  1.16616E-006  5.68491E-006  1.07848E-006  2.63512E-006  1.85646E-005  3.79855E-007  1.42092E-002
      70  0.00000E+00  0.00000E+000  3.00887E-020  1.66253E-014 -4.98955E-015 -8.85388E-015  1.77481E-004 -1.35075E-004  9.95760E-005  1.15421E-006  5.48439E-006  1.05376E-006  2.62401E-006  1.83327E-005  3.61030E-007  1.42600E-002
      71  0.00000E+00  0.00000E+000  3.00301E-020  1.66005E-014 -4.98633E-015 -8.83710E-015  1.84478E-004 -1.43985E-004  1.04048E-004  1.14221E-006  5.28820E-006  9.08409E-007  2.61300E-006  1.80990E-005  3.43718E-007  1.43107E-002
      72  0.00000E+00  0.00000E+000  2.99687E-020  1.65777E-014 -4.97642E-015 -8.81499E-015  1.91621E-004 -1.53081E-004  1.08579E-004  1.13018E-006  5.09631E-006  8.33829E-007  2.60207E-006  1.78636E-005  3.27824E-007  1.43612E-002
      73  0.00000E+00  0.00000E+000  2.99044E-020  1.65556E-014 -4.96144E-015 -8.78768E-015  1.98909E-004 -1.62364E-004  1.13170E-004  1.11812E-006  4.90871E-006  7.76247E-007  2.59123E-006  1.76266E-005  3.13266E-007  1.44116E-002
      74  0.00000E+00  0.00000E+000  2.98373E-020  1.65353E-014 -4.94031E-015 -8.75547E-015  2.06343E-004 -1.71837E-004  1.17820E-004  1.10603E-006  4.72538E-006  7.30999E-007  2.58050E-006  1.73881E-005  2.98810E-007  1.44618E-002
      75  0.00000E+00  0.00000E+000  2.97672E-020  1.65141E-014 -4.91448E-015 -8.71711E-015  2.13924E-004 -1.81505E-004  1.22531E-004  1.09393E-006  4.54630E-006  6.76143E-007  2.56987E-006  1.71480E-005  2.81524E-007  1.45119E-002
      76  0.00000E+00  0.00000E+000  2.96941E-020  1.64932E-014 -4.88297E-015 -8.67304E-015  2.21649E-004 -1.91370E-004  1.27301E-004  1.08183E-006  4.37145E-006  6.27398E-007  2.55935E-006  1.69066E-005  2.64709E-007  1.45619E-002
      77  0.00000E+00  0.00000E+000  2.96181E-020  1.64704E-014 -4.84756E-015 -8.62310E-015  2.29521E-004 -2.01437E-004  1.32134E-004  1.06973E-006  4.20082E-006  6.07728E-007  2.54897E-006  1.66641E-005  2.49196E-007  1.46116E-002
      78  0.00000E+00  0.00000E+000  2.95391E-020  1.64462E-014 -4.80679E-015 -8.56704E-015  2.37539E-004 -2.11709E-004  1.37028E-004  1.05765E-006  4.03437E-006  5.46070E-007  2.53870E-006  1.64204E-005  2.34967E-007  1.46613E-002
      79  0.00000E+00  0.00000E+000  2.94573E-020  1.64186E-014 -4.76282E-015 -8.50480E-015  2.45699E-004 -2.22188E-004  1.41992E-004  1.04559E-006  3.87211E-006  4.66732E-007  2.52858E-006  1.61758E-005  2.21958E-007  1.47108E-002
      80  0.00000E+00  0.00000E+000  2.93725E-020  1.63877E-014 -4.71458E-015 -8.43669E-015  2.53999E-004 -2.32878E-004  1.47021E-004  1.03357E-006  3.71403E-006  4.20327E-007  2.51859E-006  1.59305E-005  2.10087E-007  1.47602E-002
      81  0.00000E+00  0.00000E+000  2.91620E-020  1.61120E-014 -4.63017E-015 -8.25721E-015  2.62348E-004 -2.44336E-004  1.50174E-004  1.01969E-006  3.57454E-006 -1.10762E-006  2.49588E-006  1.57014E-005  2.01952E-007  1.89241E-002
      82  0.00000E+00  0.00000E+000  2.91311E-020  1.59447E-014 -4.55383E-015 -8.15981E-015  2.70241E-004 -2.55311E-004  1.54631E-004  1.01068E-006  3.44378E-006 -1.73105E-007  2.49285E-006  1.55213E-005  1.93083E-007  2.01699E-002
      83  0.00000E+00  0.00000E+000  2.90921E-020  1.57871E-014 -4.48107E-015 -8.06733E-015  2.78180E-004 -2.66406E-004  1.59091E-004  1.00176E-006  3.31600E-006  4.91653E-007  2.48894E-006  1.53380E-005  1.84596E-007  2.11924E-002
      84  0.00000E+00  0.00000E+000  2.90441E-020  1.56305E-014 -4.40974E-015 -7.97864E-015  2.86163E-004 -2.77621E-004  1.63568E-004  9.92904E-007  3.19140E-006  9.40600E-007  2.48398E-006  1.51514E-005  1.77396E-007  2.17645E-002
      85  0.00000E+00  0.00000E+000  2.89899E-020  1.54704E-014 -4.33995E-015 -7.89203E-015  2.94190E-004 -2.88955E-004  1.68072E-004  9.84102E-007  3.07011E-006  1.43460E-006  2.47837E-006  1.49628E-005  1.70571E-007  2.22318E-002
      86  0.00000E+00  0.00000E+000  2.89308E-020  1.53046E-014 -4.26812E-015 -7.80538E-015  3.02257E-004 -3.00402E-004  1.72612E-004  9.75335E-007  2.95220E-006  7.03900E-007  2.47233E-006  1.47727E-005  1.62999E-007  2.26284E-002
      87  0.00000E+00  0.00000E+000  2.88680E-020  1.51326E-014 -4.19773E-015 -7.71725E-015  3.10359E-004 -3.11956E-004  1.77193E-004  9.66587E-007  2.83771E-006  1.27066E-006  2.46603E-006  1.45818E-005  1.55968E-007  2.29281E-002
      88  0.00000E+00  0.00000E+000  2.88018E-020  1.49542E-014 -4.12614E-015 -7.62545E-015  3.18488E-004 -3.23613E-004  1.81817E-004  9.57843E-007  2.72665E-006  9.86263E-007  2.45957E-006  1.43902E-005  1.49736E-007  2.31637E-002
      89  0.00000E+00  0.00000E+000  2.87327E-020  1.47705E-014 -4.05774E-015 -7.53042E-015  3.26637E-004 -3.35364E-004  1.86483E-004  9.49097E-007  2.61902E-006  7.77968E-007  2.45302E-006  1.41981E-005  1.44339E-007  2.33593E-002
      90  0.00000E+00  0.00000E+000  2.86608E-020  1.45821E-014 -3.98997E-015 -7.43055E-015  3.34795E-004 -3.47205E-004  1.91190E-004  9.40349E-007  2.51481E-006  5.94338E-007  2.44642E-006  1.40058E-005  1.39793E-007  2.35281E-002
      91  0.00000E+00  0.00000E+000  2.85864E-020  1.43905E-014 -3.92733E-015 -7.32625E-015  3.42952E-004 -3.59126E-004  1.95938E-004  9.31608E-007  2.41402E-006  4.33854E-007  2.43980E-006  1.38134E-005  1.33982E-007  2.36793E-002
      92  0.00000E+00  0.00000E+000  2.85096E-020  1.41971E-014 -3.86709E-015 -7.21686E-015  3.51097E-004 -3.71118E-004  2.00725E-004  9.22887E-007  2.31663E-006  3.61730E-007  2.43320E-006  1.36211E-005  1.25846E-007  2.38172E-002
      93  0.00000E+00  0.00000E+000  2.84309E-020  1.40031E-014 -3.81358E-015 -7.10339E-015  3.59219E-004 -3.83172E-004  2.05547E-004  9.14201E-007  2.22262E-006  2.92673E-007  2.42664E-006  1.34294E-005  1.17494E-007  2.39437E-002
      94  0.00000E+00  0.00000E+000  2.83502E-020  1.38096E-014 -3.76299E-015 -6.98483E-015  3.67307E-004 -3.95274E-004  2.10402E-004  9.05565E-007  2.13198E-006  2.41349E-007  2.42013E-006  1.32384E-005  1.10106E-007  2.40605E-002
      95  0.00000E+00  0.00000E+000  2.82681E-020  1.36177E-014 -3.72024E-015 -6.86306E-015  3.75347E-004 -4.07409E-004  2.15290E-004  8.96995E-007  2.04471E-006 -1.46799E-008  2.41371E-006  1.30485E-005  1.03629E-007  2.41759E-002
      96  0.00000E+00  0.00000E+000  2.81847E-020  1.34282E-014 -3.68085E-015 -6.73698E-015  3.83326E-004 -4.19563E-004  2.20205E-004  8.88506E-007  1.96076E-006 -4.63594E-008  2.40739E-006  1.28598E-005  9.80339E-008  2.42900E-002
      97  0.00000E+00  0.00000E+000  2.81001E-020  1.32420E-014 -3.64951E-015 -6.60862E-015  3.91231E-004 -4.31716E-004  2.25149E-004  8.80112E-007  1.88014E-006 -5.27079E-007  2.40118E-006  1.26727E-005  9.32275E-008  2.44028E-002
      98  0.00000E+00  0.00000E+000  2.80146E-020  1.30595E-014 -3.62151E-015 -6.47727E-015  3.99047E-004 -4.43851E-004  2.30119E-004  8.71827E-007  1.80281E-006 -5.56550E-007  2.39509E-006  1.24874E-005  8.91827E-008  2.45142E-002
      99  0.00000E+00  0.00000E+000  2.79284E-020  1.28814E-014 -3.60141E-015 -6.34464E-015  4.06760E-004 -4.55948E-004  2.35112E-004  8.63663E-007  1.72874E-006 -4.14916E-007  2.38914E-006  1.23041E-005  8.49850E-008  2.46239E-002
     100  0.00000E+00  0.00000E+000  2.78417E-020  1.27074E-014 -3.58422E-015 -6.20996E-015  4.14355E-004 -4.67987E-004  2.40126E-004  8.55632E-007  1.65790E-006 -4.31192E-007  2.38333E-006  1.21231E-005  8.02407E-008  2.47310E-002
     101  0.00000E+00  0.00000E+000  2.77546E-020  1.25386E-014 -3.57518E-015 -6.07485E-015  4.21817E-004 -4.79948E-004  2.45157E-004  8.47745E-007  1.59027E-006 -9.36945E-007  2.37770E-006  1.19445E-005  7.62974E-008  2.48357E-002
     102  0.00000E+00  0.00000E+000  2.76673E-020  1.23738E-014 -3.56827E-015 -5.93852E-015  4.29130E-004 -4.91811E-004  2.50202E-004  8.40013E-007  1.52579E-006 -1.30509E-006  2.37221E-006  1.17686E-005  7.30934E-008  2.49384E-002
     103  0.00000E+00  0.00000E+000  2.75799E-020  1.22135E-014 -3.56860E-015 -5.80273E-015  4.36280E-004 -5.03553E-004  2.55253E-004  8.32447E-007  1.46445E-006 -1.53359E-006  2.36691E-006  1.15956E-005  6.94906E-008  2.50389E-002
     104  0.00000E+00  0.00000E+000  2.74927E-020  1.20569E-014 -3.57014E-015 -5.66653E-015  4.43248E-004 -5.15150E-004  2.60304E-004  8.25057E-007  1.40619E-006 -1.50820E-006  2.36178E-006  1.14257E-005  6.55839E-008  2.51374E-002
     105  0.00000E+00  0.00000E+000  2.74059E-020  1.19040E-014 -3.57746E-015 -5.53179E-015  4.50018E-004 -5.26575E-004  2.65346E-004  8.17854E-007  1.35099E-006 -1.47176E-006  2.35684E-006  1.12591E-005  6.21767E-008  2.52342E-002
     106  0.00000E+00  0.00000E+000  2.73195E-020  1.17537E-014 -3.58429E-015 -5.39787E-015  4.56572E-004 -5.37798E-004  2.70369E-004  8.10849E-007  1.29878E-006 -2.18950E-006  2.35209E-006  1.10961E-005  5.91941E-008  2.53291E-002
     107  0.00000E+00  0.00000E+000  2.72340E-020  1.16064E-014 -3.59493E-015 -5.26670E-015  4.62890E-004 -5.48786E-004  2.75359E-004  8.04052E-007  1.24954E-006 -2.56379E-006  2.34755E-006  1.09368E-005  5.62908E-008  2.54225E-002
     108  0.00000E+00  0.00000E+000  2.71494E-020  1.14612E-014 -3.60308E-015 -5.13764E-015  4.68951E-004 -5.59496E-004  2.80298E-004  7.97475E-007  1.20322E-006 -2.57542E-006  2.34320E-006  1.07816E-005  5.30753E-008  2.55144E-002
     109  0.00000E+00  0.00000E+000  2.70661E-020  1.13182E-014 -3.61325E-015 -5.01289E-015  4.74734E-004 -5.69888E-004  2.85168E-004  7.91126E-007  1.15976E-006 -2.58064E-006  2.33908E-006  1.06306E-005  5.02518E-008  2.56049E-002
     110  0.00000E+00  0.00000E+000  2.69842E-020  1.11771E-014 -3.61871E-015 -4.89207E-015  4.80225E-004 -5.79919E-004  2.89948E-004  7.85016E-007  1.11911E-006 -2.45130E-006  2.33516E-006  1.04841E-005  4.74773E-008  2.56941E-002
     111  0.00000E+00  0.00000E+000  2.69040E-020  1.10383E-014 -3.62435E-015 -4.77733E-015  4.85409E-004 -5.89546E-004  2.94618E-004  7.79155E-007  1.08119E-006 -2.54087E-006  2.33147E-006  1.03423E-005  4.44713E-008  2.57821E-002
     112  0.00000E+00  0.00000E+000  2.68259E-020  1.09012E-014 -3.62343E-015 -4.66836E-015  4.90275E-004 -5.98722E-004  2.99159E-004  7.73549E-007  1.04592E-006 -2.52197E-006  2.32800E-006  1.02055E-005  4.18408E-008  2.58688E-002
     113  0.00000E+00  0.00000E+000  2.67501E-020  1.07668E-014 -3.62062E-015 -4.56728E-015  4.94816E-004 -6.07395E-004  3.03547E-004  7.68207E-007  1.01322E-006 -3.79004E-006  2.32477E-006  1.00739E-005  3.94339E-008  2.59543E-002
     114  0.00000E+00  0.00000E+000  2.66769E-020  1.06344E-014 -3.60971E-015 -4.47419E-015  4.99028E-004 -6.15518E-004  3.07765E-004  7.63135E-007  9.82984E-007 -3.36529E-006  2.32176E-006  9.94763E-006  3.67944E-008  2.60388E-002
     115  0.00000E+00  0.00000E+000  2.66066E-020  1.05051E-014 -3.59612E-015 -4.39087E-015  5.02912E-004 -6.23046E-004  3.11797E-004  7.58340E-007  9.55101E-007 -3.70643E-006  2.31899E-006  9.82691E-006  3.45036E-008  2.61224E-002
     116  0.00000E+00  0.00000E+000  2.65394E-020  1.03784E-014 -3.57413E-015 -4.31585E-015  5.06471E-004 -6.29938E-004  3.15629E-004  7.53822E-007  9.29454E-007 -3.40475E-006  2.31644E-006  9.71178E-006  3.19821E-008  2.62051E-002
     117  0.00000E+00  0.00000E+000  2.64757E-020  1.02550E-014 -3.55054E-015 -4.25066E-015  5.09713E-004 -6.36163E-004  3.19253E-004  7.49586E-007  9.05921E-007 -3.22084E-006  2.31413E-006  9.60230E-006  2.97552E-008  2.62870E-002
     118  0.00000E+00  0.00000E+000  2.64154E-020  1.01342E-014 -3.52134E-015 -4.19301E-015  5.12647E-004 -6.41700E-004  3.22663E-004  7.45629E-007  8.84380E-007 -3.05412E-006  2.31205E-006  9.49842E-006  2.78808E-008  2.63681E-002
     119  0.00000E+00  0.00000E+000  2.63589E-020  1.00163E-014 -3.49339E-015 -4.14372E-015  5.15287E-004 -6.46537E-004  3.25854E-004  7.41949E-007  8.64707E-007 -3.08871E-006  2.31019E-006  9.40009E-006  2.58555E-008  2.64486E-002
     120  0.00000E+00  0.00000E+000  2.63059E-020  9.90070E-015 -3.46262E-015 -4.10037E-015  5.17649E-004 -6.50672E-004  3.28825E-004  7.38541E-007  8.46780E-007 -3.04997E-006  2.30855E-006  9.30714E-006  2.39332E-008  2.65283E-002
     121  0.00000E+00  0.00000E+000  2.62568E-020  9.78753E-015 -3.43540E-015 -4.06338E-015  5.19751E-004 -6.54114E-004  3.31576E-004  7.35398E-007  8.30481E-007 -3.27741E-006  2.30713E-006  9.21946E-006  2.23692E-008  2.66074E-002
     122  0.00000E+00  0.00000E+000  2.62112E-020  9.67513E-015 -3.40616E-015 -4.03037E-015  5.21608E-004 -6.56877E-004  3.34107E-004  7.32511E-007  8.15695E-007 -3.11877E-006  2.30591E-006  9.13682E-006  2.11988E-008  2.66859E-002
     123  0.00000E+00  0.00000E+000  2.61693E-020  9.56350E-015 -3.38150E-015 -4.00178E-015  5.23241E-004 -6.58997E-004  3.36424E-004  7.29871E-007  8.02311E-007 -3.24465E-006  2.30489E-006  9.05904E-006  2.03643E-008  2.67638E-002
     124  0.00000E+00  0.00000E+000  2.61307E-020  9.45044E-015 -3.35544E-015 -3.97516E-015  5.24673E-004 -6.60526E-004  3.38540E-004  7.27467E-007  7.90221E-007 -3.30556E-006  2.30405E-006  8.98584E-006  1.94083E-008  2.68411E-002
     125  0.00000E+00  0.00000E+000  2.60955E-020  9.33628E-015 -3.33441E-015 -3.95057E-015  5.25931E-004 -6.61528E-004  3.40474E-004  7.25284E-007  7.79325E-007 -3.40620E-006  2.30340E-006  8.91700E-006  1.84826E-008  2.69180E-002
     126  0.00000E+00  0.00000E+000  2.60632E-020  9.21919E-015 -3.31271E-015 -3.92598E-015  5.27037E-004 -6.62072E-004  3.42245E-004  7.23307E-007  7.69527E-007 -3.39773E-006  2.30290E-006  8.85221E-006  1.77665E-008  2.69942E-002
     127  0.00000E+00  0.00000E+000  2.60338E-020  9.09857E-015 -3.29692E-015 -3.90098E-015  5.28014E-004 -6.62233E-004  3.43872E-004  7.21523E-007  7.60736E-007 -3.56181E-006  2.30256E-006  8.79126E-006  1.70900E-008  2.70700E-002
     128  0.00000E+00  0.00000E+000  2.60069E-020  8.97272E-015 -3.28157E-015 -3.87424E-015  5.28883E-004 -6.62084E-004  3.45378E-004  7.19916E-007  7.52867E-007 -3.45008E-006  2.30237E-006  8.73384E-006  1.67129E-008  2.71453E-002
     129  0.00000E+00  0.00000E+000  2.59824E-020  8.84134E-015 -3.27255E-015 -3.84579E-015  5.29663E-004 -6.61698E-004  3.46783E-004  7.18474E-007  7.45844E-007 -3.51231E-006  2.30231E-006  8.67981E-006  1.65807E-008  2.72202E-002
     130  0.00000E+00  0.00000E+000  2.59598E-020  8.70305E-015 -3.26582E-015 -3.81367E-015  5.30369E-004 -6.61141E-004  3.48107E-004  7.17180E-007  7.39594E-007 -3.31461E-006  2.30237E-006  8.62881E-006  1.61518E-008  2.72945E-002
     131  0.00000E+00  0.00000E+000  2.59392E-020  8.55778E-015 -3.26768E-015 -3.77861E-015  5.31015E-004 -6.60474E-004  3.49366E-004  7.16027E-007  7.34051E-007 -3.24568E-006  2.30254E-006  8.58073E-006  1.59231E-008  2.73684E-002
     132  0.00000E+00  0.00000E+000  2.59203E-020  8.40401E-015 -3.27150E-015 -3.73934E-015  5.31612E-004 -6.59745E-004  3.50578E-004  7.15002E-007  7.29151E-007 -3.44252E-006  2.30281E-006  8.53534E-006  1.58980E-008  2.74419E-002
     133  0.00000E+00  0.00000E+000  2.59030E-020  8.24186E-015 -3.28425E-015 -3.69697E-015  5.32168E-004 -6.58991E-004  3.51752E-004  7.14099E-007  7.24840E-007 -3.00547E-006  2.30319E-006  8.49254E-006  1.60447E-008  2.75149E-002
     134  0.00000E+00  0.00000E+000  2.58871E-020  8.07023E-015 -3.29876E-015 -3.65086E-015  5.32685E-004 -6.58236E-004  3.52898E-004  7.13311E-007  7.21064E-007 -2.93247E-006  2.30365E-006  8.45212E-006  1.62289E-008  2.75875E-002
     135  0.00000E+00  0.00000E+000  2.58728E-020  7.88957E-015 -3.32164E-015 -3.60210E-015  5.33166E-004 -6.57493E-004  3.54017E-004  7.12634E-007  7.17777E-007 -3.05959E-006  2.30421E-006  8.41403E-006  1.64040E-008  2.76597E-002
     136  0.00000E+00  0.00000E+000  2.58598E-020  7.69902E-015 -3.34517E-015 -3.55059E-015  5.33612E-004 -6.56764E-004  3.55108E-004  7.12061E-007  7.14937E-007 -3.02205E-006  2.30485E-006  8.37809E-006  1.67032E-008  2.77316E-002
     137  0.00000E+00  0.00000E+000  2.58483E-020  7.49941E-015 -3.37515E-015 -3.49762E-015  5.34021E-004 -6.56045E-004  3.56166E-004  7.11591E-007  7.12505E-007 -2.88572E-006  2.30559E-006  8.34430E-006  1.68370E-008  2.78030E-002
     138  0.00000E+00  0.00000E+000  2.58380E-020  7.29051E-015 -3.40553E-015 -3.44293E-015  5.34394E-004 -6.55331E-004  3.57183E-004  7.11219E-007  7.10444E-007 -2.93323E-006  2.30638E-006  8.31242E-006  1.68212E-008  2.78815E-002
     139  0.00000E+00  0.00000E+000  2.58290E-020  7.07390E-015 -3.44246E-015 -3.38782E-015  5.34734E-004 -6.54612E-004  3.58152E-004  7.10940E-007  7.08720E-007 -2.62624E-006  2.30727E-006  8.28246E-006  1.69464E-008  2.79603E-002
     140  0.00000E+00  0.00000E+000  2.58212E-020  6.84923E-015 -3.47798E-015 -3.33213E-015  5.35040E-004 -6.53881E-004  3.59066E-004  7.10751E-007  7.07302E-007 -2.87333E-006  2.30821E-006  8.25427E-006  1.65730E-008  2.80389E-002
     141  0.00000E+00  0.00000E+000  2.58147E-020  6.61921E-015 -3.51928E-015 -3.27687E-015  5.35318E-004 -6.53130E-004  3.59918E-004  7.10649E-007  7.06162E-007 -2.74897E-006  2.30923E-006  8.22782E-006  1.61745E-008  2.81174E-002
     142  0.00000E+00  0.00000E+000  2.58094E-020  6.38334E-015 -3.55769E-015 -3.22217E-015  5.35570E-004 -6.52352E-004  3.60702E-004  7.10627E-007  7.05273E-007 -2.88910E-006  2.31032E-006  8.20300E-006  1.58816E-008  2.81957E-002
     143  0.00000E+00  0.00000E+000  2.58053E-020  6.14417E-015 -3.60222E-015 -3.16833E-015  5.35801E-004 -6.51538E-004  3.61416E-004  7.10682E-007  7.04612E-007 -3.34721E-006  2.31146E-006  8.17970E-006  1.54794E-008  2.82738E-002
     144  0.00000E+00  0.00000E+000  2.58021E-020  5.90193E-015 -3.64419E-015 -3.11573E-015  5.36012E-004 -6.50685E-004  3.62057E-004  7.10807E-007  7.04155E-007 -1.80559E-006  2.31266E-006  8.15783E-006  1.51019E-008  2.83516E-002
     145  0.00000E+00  0.00000E+000  2.58000E-020  5.65896E-015 -3.69046E-015 -3.06424E-015  5.36208E-004 -6.49787E-004  3.62622E-004  7.11000E-007  7.03885E-007 -2.64569E-006  2.31391E-006  8.13735E-006  1.48436E-008  2.84293E-002
     146  0.00000E+00  0.00000E+000  2.57988E-020  5.41557E-015 -3.73293E-015 -3.01376E-015  5.36390E-004 -6.48841E-004  3.63115E-004  7.11254E-007  7.03784E-007 -2.63038E-006  2.31520E-006  8.11814E-006  1.46798E-008  2.85068E-002
     147  0.00000E+00  0.00000E+000  2.57987E-020  5.17359E-015 -3.77849E-015 -2.96544E-015  5.36559E-004 -6.47844E-004  3.63535E-004  7.11566E-007  7.03837E-007 -2.77475E-006  2.31656E-006  8.10020E-006  1.46225E-008  2.85840E-002
     148  0.00000E+00  0.00000E+000  2.57993E-020  4.93357E-015 -3.82037E-015 -2.91824E-015  5.36716E-004 -6.46794E-004  3.63888E-004  7.11930E-007  7.04032E-007 -2.33456E-006  2.31794E-006  8.08334E-006  1.46045E-008  2.86610E-002
     149  0.00000E+00  0.00000E+000  2.58007E-020  4.69688E-015 -3.86542E-015 -2.87304E-015  5.36860E-004 -6.45695E-004  3.64175E-004  7.12343E-007  7.04354E-007 -2.29648E-006  2.31937E-006  8.06757E-006  1.45699E-008  2.87377E-002
     150  0.00000E+00  0.00000E+000  2.58029E-020  4.46349E-015 -3.90451E-015 -2.82945E-015  5.36994E-004 -6.44546E-004  3.64403E-004  7.12798E-007  7.04793E-007 -2.35016E-006  2.32083E-006  8.05282E-006  1.45917E-008  2.88143E-002
